{"uid":"c22dd8dddd81b929","name":"test_webhook_redelivery[use github token]","fullName":"tests.integration.test_webhook_redelivery#test_webhook_redelivery","historyId":"85a07ceb72dd50d8aef46b8e350a4c5c","time":{"start":1763085243763,"stop":1763085243763,"duration":0},"description":"\n    arrange: a hook with a failed delivery\n    act: call the action to redeliver the webhook\n    assert: the failed delivery has been redelivered\n    ","descriptionHtml":"<pre><code>arrange: a hook with a failed delivery\nact: call the action to redeliver the webhook\nassert: the failed delivery has been redelivered\n</code></pre>\n","status":"broken","statusMessage":"github.GithubException.BadCredentialsException: 401 {\"message\": \"Bad credentials\", \"documentation_url\": \"https://docs.github.com/rest\", \"status\": \"401\"}","statusTrace":"Traceback (most recent call last):\n  File \"/home/ubuntu/actions-runner/_work/github-runner-webhook-router/github-runner-webhook-router/.tox/integration/lib/python3.12/site-packages/_pytest/runner.py\", line 353, in from_call\n    result: TResult | None = func()\n                             ^^^^^^\n  File \"/home/ubuntu/actions-runner/_work/github-runner-webhook-router/github-runner-webhook-router/.tox/integration/lib/python3.12/site-packages/_pytest/runner.py\", line 245, in <lambda>\n    lambda: runtest_hook(item=item, **kwds),\n            ^^^^^^^^^^^^^^^^^^^^^^^^^^^^^^^\n  File \"/home/ubuntu/actions-runner/_work/github-runner-webhook-router/github-runner-webhook-router/.tox/integration/lib/python3.12/site-packages/pluggy/_hooks.py\", line 512, in __call__\n    return self._hookexec(self.name, self._hookimpls.copy(), kwargs, firstresult)\n           ^^^^^^^^^^^^^^^^^^^^^^^^^^^^^^^^^^^^^^^^^^^^^^^^^^^^^^^^^^^^^^^^^^^^^^\n  File \"/home/ubuntu/actions-runner/_work/github-runner-webhook-router/github-runner-webhook-router/.tox/integration/lib/python3.12/site-packages/pluggy/_manager.py\", line 120, in _hookexec\n    return self._inner_hookexec(hook_name, methods, kwargs, firstresult)\n           ^^^^^^^^^^^^^^^^^^^^^^^^^^^^^^^^^^^^^^^^^^^^^^^^^^^^^^^^^^^^^\n  File \"/home/ubuntu/actions-runner/_work/github-runner-webhook-router/github-runner-webhook-router/.tox/integration/lib/python3.12/site-packages/pluggy/_callers.py\", line 167, in _multicall\n    raise exception\n  File \"/home/ubuntu/actions-runner/_work/github-runner-webhook-router/github-runner-webhook-router/.tox/integration/lib/python3.12/site-packages/pluggy/_callers.py\", line 139, in _multicall\n    teardown.throw(exception)\n  File \"/home/ubuntu/actions-runner/_work/github-runner-webhook-router/github-runner-webhook-router/.tox/integration/lib/python3.12/site-packages/_pytest/logging.py\", line 843, in pytest_runtest_setup\n    yield\n  File \"/home/ubuntu/actions-runner/_work/github-runner-webhook-router/github-runner-webhook-router/.tox/integration/lib/python3.12/site-packages/pluggy/_callers.py\", line 139, in _multicall\n    teardown.throw(exception)\n  File \"/home/ubuntu/actions-runner/_work/github-runner-webhook-router/github-runner-webhook-router/.tox/integration/lib/python3.12/site-packages/pluggy/_callers.py\", line 53, in run_old_style_hookwrapper\n    return result.get_result()\n           ^^^^^^^^^^^^^^^^^^^\n  File \"/home/ubuntu/actions-runner/_work/github-runner-webhook-router/github-runner-webhook-router/.tox/integration/lib/python3.12/site-packages/pluggy/_result.py\", line 103, in get_result\n    raise exc.with_traceback(tb)\n  File \"/home/ubuntu/actions-runner/_work/github-runner-webhook-router/github-runner-webhook-router/.tox/integration/lib/python3.12/site-packages/pluggy/_callers.py\", line 38, in run_old_style_hookwrapper\n    res = yield\n          ^^^^^\n  File \"/home/ubuntu/actions-runner/_work/github-runner-webhook-router/github-runner-webhook-router/.tox/integration/lib/python3.12/site-packages/pluggy/_callers.py\", line 139, in _multicall\n    teardown.throw(exception)\n  File \"/home/ubuntu/actions-runner/_work/github-runner-webhook-router/github-runner-webhook-router/.tox/integration/lib/python3.12/site-packages/_pytest/capture.py\", line 895, in pytest_runtest_setup\n    return (yield)\n            ^^^^^\n  File \"/home/ubuntu/actions-runner/_work/github-runner-webhook-router/github-runner-webhook-router/.tox/integration/lib/python3.12/site-packages/pluggy/_callers.py\", line 121, in _multicall\n    res = hook_impl.function(*args)\n          ^^^^^^^^^^^^^^^^^^^^^^^^^\n  File \"/home/ubuntu/actions-runner/_work/github-runner-webhook-router/github-runner-webhook-router/.tox/integration/lib/python3.12/site-packages/_pytest/runner.py\", line 165, in pytest_runtest_setup\n    item.session._setupstate.setup(item)\n  File \"/home/ubuntu/actions-runner/_work/github-runner-webhook-router/github-runner-webhook-router/.tox/integration/lib/python3.12/site-packages/_pytest/runner.py\", line 523, in setup\n    col.setup()\n  File \"/home/ubuntu/actions-runner/_work/github-runner-webhook-router/github-runner-webhook-router/.tox/integration/lib/python3.12/site-packages/_pytest/python.py\", line 1723, in setup\n    self._request._fillfixtures()\n  File \"/home/ubuntu/actions-runner/_work/github-runner-webhook-router/github-runner-webhook-router/.tox/integration/lib/python3.12/site-packages/_pytest/fixtures.py\", line 707, in _fillfixtures\n    item.funcargs[argname] = self.getfixturevalue(argname)\n                             ^^^^^^^^^^^^^^^^^^^^^^^^^^^^^\n  File \"/home/ubuntu/actions-runner/_work/github-runner-webhook-router/github-runner-webhook-router/.tox/integration/lib/python3.12/site-packages/_pytest/fixtures.py\", line 539, in getfixturevalue\n    fixturedef = self._get_active_fixturedef(argname)\n                 ^^^^^^^^^^^^^^^^^^^^^^^^^^^^^^^^^^^^\n  File \"/home/ubuntu/actions-runner/_work/github-runner-webhook-router/github-runner-webhook-router/.tox/integration/lib/python3.12/site-packages/_pytest/fixtures.py\", line 627, in _get_active_fixturedef\n    fixturedef.execute(request=subrequest)\n  File \"/home/ubuntu/actions-runner/_work/github-runner-webhook-router/github-runner-webhook-router/.tox/integration/lib/python3.12/site-packages/_pytest/fixtures.py\", line 1110, in execute\n    result: FixtureValue = ihook.pytest_fixture_setup(\n                           ^^^^^^^^^^^^^^^^^^^^^^^^^^^\n  File \"/home/ubuntu/actions-runner/_work/github-runner-webhook-router/github-runner-webhook-router/.tox/integration/lib/python3.12/site-packages/pluggy/_hooks.py\", line 512, in __call__\n    return self._hookexec(self.name, self._hookimpls.copy(), kwargs, firstresult)\n           ^^^^^^^^^^^^^^^^^^^^^^^^^^^^^^^^^^^^^^^^^^^^^^^^^^^^^^^^^^^^^^^^^^^^^^\n  File \"/home/ubuntu/actions-runner/_work/github-runner-webhook-router/github-runner-webhook-router/.tox/integration/lib/python3.12/site-packages/pluggy/_manager.py\", line 120, in _hookexec\n    return self._inner_hookexec(hook_name, methods, kwargs, firstresult)\n           ^^^^^^^^^^^^^^^^^^^^^^^^^^^^^^^^^^^^^^^^^^^^^^^^^^^^^^^^^^^^^\n  File \"/home/ubuntu/actions-runner/_work/github-runner-webhook-router/github-runner-webhook-router/.tox/integration/lib/python3.12/site-packages/pluggy/_callers.py\", line 167, in _multicall\n    raise exception\n  File \"/home/ubuntu/actions-runner/_work/github-runner-webhook-router/github-runner-webhook-router/.tox/integration/lib/python3.12/site-packages/pluggy/_callers.py\", line 139, in _multicall\n    teardown.throw(exception)\n  File \"/home/ubuntu/actions-runner/_work/github-runner-webhook-router/github-runner-webhook-router/.tox/integration/lib/python3.12/site-packages/pluggy/_callers.py\", line 53, in run_old_style_hookwrapper\n    return result.get_result()\n           ^^^^^^^^^^^^^^^^^^^\n  File \"/home/ubuntu/actions-runner/_work/github-runner-webhook-router/github-runner-webhook-router/.tox/integration/lib/python3.12/site-packages/pluggy/_result.py\", line 103, in get_result\n    raise exc.with_traceback(tb)\n  File \"/home/ubuntu/actions-runner/_work/github-runner-webhook-router/github-runner-webhook-router/.tox/integration/lib/python3.12/site-packages/pluggy/_callers.py\", line 38, in run_old_style_hookwrapper\n    res = yield\n          ^^^^^\n  File \"/home/ubuntu/actions-runner/_work/github-runner-webhook-router/github-runner-webhook-router/.tox/integration/lib/python3.12/site-packages/pluggy/_callers.py\", line 139, in _multicall\n    teardown.throw(exception)\n  File \"/home/ubuntu/actions-runner/_work/github-runner-webhook-router/github-runner-webhook-router/.tox/integration/lib/python3.12/site-packages/pluggy/_callers.py\", line 53, in run_old_style_hookwrapper\n    return result.get_result()\n           ^^^^^^^^^^^^^^^^^^^\n  File \"/home/ubuntu/actions-runner/_work/github-runner-webhook-router/github-runner-webhook-router/.tox/integration/lib/python3.12/site-packages/pluggy/_result.py\", line 103, in get_result\n    raise exc.with_traceback(tb)\n  File \"/home/ubuntu/actions-runner/_work/github-runner-webhook-router/github-runner-webhook-router/.tox/integration/lib/python3.12/site-packages/pluggy/_callers.py\", line 38, in run_old_style_hookwrapper\n    res = yield\n          ^^^^^\n  File \"/home/ubuntu/actions-runner/_work/github-runner-webhook-router/github-runner-webhook-router/.tox/integration/lib/python3.12/site-packages/pluggy/_callers.py\", line 139, in _multicall\n    teardown.throw(exception)\n  File \"/home/ubuntu/actions-runner/_work/github-runner-webhook-router/github-runner-webhook-router/.tox/integration/lib/python3.12/site-packages/_pytest/setuponly.py\", line 36, in pytest_fixture_setup\n    return (yield)\n            ^^^^^\n  File \"/home/ubuntu/actions-runner/_work/github-runner-webhook-router/github-runner-webhook-router/.tox/integration/lib/python3.12/site-packages/pluggy/_callers.py\", line 121, in _multicall\n    res = hook_impl.function(*args)\n          ^^^^^^^^^^^^^^^^^^^^^^^^^\n  File \"/home/ubuntu/actions-runner/_work/github-runner-webhook-router/github-runner-webhook-router/.tox/integration/lib/python3.12/site-packages/_pytest/fixtures.py\", line 1202, in pytest_fixture_setup\n    result = call_fixture_func(fixturefunc, request, kwargs)\n             ^^^^^^^^^^^^^^^^^^^^^^^^^^^^^^^^^^^^^^^^^^^^^^^\n  File \"/home/ubuntu/actions-runner/_work/github-runner-webhook-router/github-runner-webhook-router/.tox/integration/lib/python3.12/site-packages/_pytest/fixtures.py\", line 915, in call_fixture_func\n    fixture_result = fixturefunc(**kwargs)\n                     ^^^^^^^^^^^^^^^^^^^^^\n  File \"/home/ubuntu/actions-runner/_work/github-runner-webhook-router/github-runner-webhook-router/tests/integration/test_webhook_redelivery.py\", line 41, in repo_fixture\n    repo = github.get_repo(test_repo)\n           ^^^^^^^^^^^^^^^^^^^^^^^^^^\n  File \"/home/ubuntu/actions-runner/_work/github-runner-webhook-router/github-runner-webhook-router/.tox/integration/lib/python3.12/site-packages/github/MainClass.py\", line 479, in get_repo\n    headers, data = self.__requester.requestJsonAndCheck(\"GET\", url)\n                    ^^^^^^^^^^^^^^^^^^^^^^^^^^^^^^^^^^^^^^^^^^^^^^^^\n  File \"/home/ubuntu/actions-runner/_work/github-runner-webhook-router/github-runner-webhook-router/.tox/integration/lib/python3.12/site-packages/github/Requester.py\", line 623, in requestJsonAndCheck\n    return self.__check(\n           ^^^^^^^^^^^^^\n  File \"/home/ubuntu/actions-runner/_work/github-runner-webhook-router/github-runner-webhook-router/.tox/integration/lib/python3.12/site-packages/github/Requester.py\", line 853, in __check\n    raise self.createException(status, responseHeaders, data)\ngithub.GithubException.BadCredentialsException: 401 {\"message\": \"Bad credentials\", \"documentation_url\": \"https://docs.github.com/rest\", \"status\": \"401\"}","flaky":false,"newFailed":false,"newBroken":true,"newPassed":false,"retriesCount":1,"retriesStatusChange":true,"beforeStages":[{"name":"ops_test","time":{"start":1763085243764,"stop":1763085244011,"duration":247},"status":"passed","steps":[],"attachments":[],"parameters":[],"shouldDisplayMessage":false,"stepsCount":0,"attachmentsCount":0,"hasContent":false,"attachmentStep":false},{"name":"pytestconfig","time":{"start":1763085243764,"stop":1763085243764,"duration":0},"status":"passed","steps":[],"attachments":[],"parameters":[],"shouldDisplayMessage":false,"stepsCount":0,"attachmentsCount":0,"hasContent":false,"attachmentStep":false},{"name":"tmp_path_factory","time":{"start":1763085243764,"stop":1763085243764,"duration":0},"status":"passed","steps":[],"attachments":[],"parameters":[],"shouldDisplayMessage":false,"stepsCount":0,"attachmentsCount":0,"hasContent":false,"attachmentStep":false},{"name":"event_loop","time":{"start":1763085243764,"stop":1763085243764,"duration":0},"status":"passed","steps":[],"attachments":[],"parameters":[],"shouldDisplayMessage":false,"stepsCount":0,"attachmentsCount":0,"hasContent":false,"attachmentStep":false},{"name":"charm_file","time":{"start":1763085244011,"stop":1763085244011,"duration":0},"status":"passed","steps":[],"attachments":[],"parameters":[],"shouldDisplayMessage":false,"stepsCount":0,"attachmentsCount":0,"hasContent":false,"attachmentStep":false},{"name":"worker_count","time":{"start":1763085244011,"stop":1763085244011,"duration":0},"status":"passed","steps":[],"attachments":[],"parameters":[],"shouldDisplayMessage":false,"stepsCount":0,"attachmentsCount":0,"hasContent":false,"attachmentStep":false},{"name":"deploy_config","time":{"start":1763085244011,"stop":1763085244011,"duration":0},"status":"passed","steps":[],"attachments":[],"parameters":[],"shouldDisplayMessage":false,"stepsCount":0,"attachmentsCount":0,"hasContent":false,"attachmentStep":false},{"name":"router","time":{"start":1763085244011,"stop":1763085278792,"duration":34781},"status":"passed","steps":[],"attachments":[],"parameters":[],"shouldDisplayMessage":false,"stepsCount":0,"attachmentsCount":0,"hasContent":false,"attachmentStep":false},{"name":"use_existing_app","time":{"start":1763085244011,"stop":1763085244011,"duration":0},"status":"passed","steps":[],"attachments":[],"parameters":[],"shouldDisplayMessage":false,"stepsCount":0,"attachmentsCount":0,"hasContent":false,"attachmentStep":false},{"name":"app_name","time":{"start":1763085244011,"stop":1763085244011,"duration":0},"status":"passed","steps":[],"attachments":[],"parameters":[],"shouldDisplayMessage":false,"stepsCount":0,"attachmentsCount":0,"hasContent":false,"attachmentStep":false},{"name":"model","time":{"start":1763085244011,"stop":1763085244011,"duration":0},"status":"passed","steps":[],"attachments":[],"parameters":[],"shouldDisplayMessage":false,"stepsCount":0,"attachmentsCount":0,"hasContent":false,"attachmentStep":false},{"name":"flask_app_image","time":{"start":1763085244011,"stop":1763085244011,"duration":0},"status":"passed","steps":[],"attachments":[],"parameters":[],"shouldDisplayMessage":false,"stepsCount":0,"attachmentsCount":0,"hasContent":false,"attachmentStep":false},{"name":"github_auth","time":{"start":1763085278792,"stop":1763085278792,"duration":0},"status":"passed","steps":[],"attachments":[],"parameters":[],"shouldDisplayMessage":false,"stepsCount":0,"attachmentsCount":0,"hasContent":false,"attachmentStep":false},{"name":"repo","time":{"start":1763085278792,"stop":1763085279021,"duration":229},"status":"broken","statusMessage":"github.GithubException.BadCredentialsException: 401 {\"message\": \"Bad credentials\", \"documentation_url\": \"https://docs.github.com/rest\", \"status\": \"401\"}\n","statusTrace":"  File \"/home/ubuntu/actions-runner/_work/github-runner-webhook-router/github-runner-webhook-router/.tox/integration/lib/python3.12/site-packages/pluggy/_callers.py\", line 38, in run_old_style_hookwrapper\n    res = yield\n          ^^^^^\n  File \"/home/ubuntu/actions-runner/_work/github-runner-webhook-router/github-runner-webhook-router/.tox/integration/lib/python3.12/site-packages/pluggy/_callers.py\", line 139, in _multicall\n    teardown.throw(exception)\n  File \"/home/ubuntu/actions-runner/_work/github-runner-webhook-router/github-runner-webhook-router/.tox/integration/lib/python3.12/site-packages/pluggy/_callers.py\", line 53, in run_old_style_hookwrapper\n    return result.get_result()\n           ^^^^^^^^^^^^^^^^^^^\n  File \"/home/ubuntu/actions-runner/_work/github-runner-webhook-router/github-runner-webhook-router/.tox/integration/lib/python3.12/site-packages/pluggy/_result.py\", line 103, in get_result\n    raise exc.with_traceback(tb)\n  File \"/home/ubuntu/actions-runner/_work/github-runner-webhook-router/github-runner-webhook-router/.tox/integration/lib/python3.12/site-packages/pluggy/_callers.py\", line 38, in run_old_style_hookwrapper\n    res = yield\n          ^^^^^\n  File \"/home/ubuntu/actions-runner/_work/github-runner-webhook-router/github-runner-webhook-router/.tox/integration/lib/python3.12/site-packages/pluggy/_callers.py\", line 139, in _multicall\n    teardown.throw(exception)\n  File \"/home/ubuntu/actions-runner/_work/github-runner-webhook-router/github-runner-webhook-router/.tox/integration/lib/python3.12/site-packages/_pytest/setuponly.py\", line 36, in pytest_fixture_setup\n    return (yield)\n            ^^^^^\n  File \"/home/ubuntu/actions-runner/_work/github-runner-webhook-router/github-runner-webhook-router/.tox/integration/lib/python3.12/site-packages/pluggy/_callers.py\", line 121, in _multicall\n    res = hook_impl.function(*args)\n          ^^^^^^^^^^^^^^^^^^^^^^^^^\n  File \"/home/ubuntu/actions-runner/_work/github-runner-webhook-router/github-runner-webhook-router/.tox/integration/lib/python3.12/site-packages/_pytest/fixtures.py\", line 1202, in pytest_fixture_setup\n    result = call_fixture_func(fixturefunc, request, kwargs)\n             ^^^^^^^^^^^^^^^^^^^^^^^^^^^^^^^^^^^^^^^^^^^^^^^\n  File \"/home/ubuntu/actions-runner/_work/github-runner-webhook-router/github-runner-webhook-router/.tox/integration/lib/python3.12/site-packages/_pytest/fixtures.py\", line 915, in call_fixture_func\n    fixture_result = fixturefunc(**kwargs)\n                     ^^^^^^^^^^^^^^^^^^^^^\n  File \"/home/ubuntu/actions-runner/_work/github-runner-webhook-router/github-runner-webhook-router/tests/integration/test_webhook_redelivery.py\", line 41, in repo_fixture\n    repo = github.get_repo(test_repo)\n           ^^^^^^^^^^^^^^^^^^^^^^^^^^\n  File \"/home/ubuntu/actions-runner/_work/github-runner-webhook-router/github-runner-webhook-router/.tox/integration/lib/python3.12/site-packages/github/MainClass.py\", line 479, in get_repo\n    headers, data = self.__requester.requestJsonAndCheck(\"GET\", url)\n                    ^^^^^^^^^^^^^^^^^^^^^^^^^^^^^^^^^^^^^^^^^^^^^^^^\n  File \"/home/ubuntu/actions-runner/_work/github-runner-webhook-router/github-runner-webhook-router/.tox/integration/lib/python3.12/site-packages/github/Requester.py\", line 623, in requestJsonAndCheck\n    return self.__check(\n           ^^^^^^^^^^^^^\n  File \"/home/ubuntu/actions-runner/_work/github-runner-webhook-router/github-runner-webhook-router/.tox/integration/lib/python3.12/site-packages/github/Requester.py\", line 853, in __check\n    raise self.createException(status, responseHeaders, data)\n","steps":[],"attachments":[],"parameters":[],"shouldDisplayMessage":true,"stepsCount":0,"attachmentsCount":0,"hasContent":true,"attachmentStep":false},{"name":"github_token","time":{"start":1763085278792,"stop":1763085278792,"duration":0},"status":"passed","steps":[],"attachments":[],"parameters":[],"shouldDisplayMessage":false,"stepsCount":0,"attachmentsCount":0,"hasContent":false,"attachmentStep":false},{"name":"github_app_private_key","time":{"start":1763085278792,"stop":1763085278792,"duration":0},"status":"passed","steps":[],"attachments":[],"parameters":[],"shouldDisplayMessage":false,"stepsCount":0,"attachmentsCount":0,"hasContent":false,"attachmentStep":false},{"name":"github_app_installation_id","time":{"start":1763085278792,"stop":1763085278792,"duration":0},"status":"passed","steps":[],"attachments":[],"parameters":[],"shouldDisplayMessage":false,"stepsCount":0,"attachmentsCount":0,"hasContent":false,"attachmentStep":false},{"name":"test_repo","time":{"start":1763085278792,"stop":1763085278792,"duration":0},"status":"passed","steps":[],"attachments":[],"parameters":[],"shouldDisplayMessage":false,"stepsCount":0,"attachmentsCount":0,"hasContent":false,"attachmentStep":false},{"name":"github_app_client_id","time":{"start":1763085278792,"stop":1763085278792,"duration":0},"status":"passed","steps":[],"attachments":[],"parameters":[],"shouldDisplayMessage":false,"stepsCount":0,"attachmentsCount":0,"hasContent":false,"attachmentStep":false},{"name":"abort_on_fail","time":{"start":1763085279030,"stop":1763085279030,"duration":0},"status":"passed","steps":[],"attachments":[],"parameters":[],"shouldDisplayMessage":false,"stepsCount":0,"attachmentsCount":0,"hasContent":false,"attachmentStep":false}],"testStage":{"description":"\n    arrange: a hook with a failed delivery\n    act: call the action to redeliver the webhook\n    assert: the failed delivery has been redelivered\n    ","status":"broken","statusMessage":"github.GithubException.BadCredentialsException: 401 {\"message\": \"Bad credentials\", \"documentation_url\": \"https://docs.github.com/rest\", \"status\": \"401\"}","statusTrace":"Traceback (most recent call last):\n  File \"/home/ubuntu/actions-runner/_work/github-runner-webhook-router/github-runner-webhook-router/.tox/integration/lib/python3.12/site-packages/_pytest/runner.py\", line 353, in from_call\n    result: TResult | None = func()\n                             ^^^^^^\n  File \"/home/ubuntu/actions-runner/_work/github-runner-webhook-router/github-runner-webhook-router/.tox/integration/lib/python3.12/site-packages/_pytest/runner.py\", line 245, in <lambda>\n    lambda: runtest_hook(item=item, **kwds),\n            ^^^^^^^^^^^^^^^^^^^^^^^^^^^^^^^\n  File \"/home/ubuntu/actions-runner/_work/github-runner-webhook-router/github-runner-webhook-router/.tox/integration/lib/python3.12/site-packages/pluggy/_hooks.py\", line 512, in __call__\n    return self._hookexec(self.name, self._hookimpls.copy(), kwargs, firstresult)\n           ^^^^^^^^^^^^^^^^^^^^^^^^^^^^^^^^^^^^^^^^^^^^^^^^^^^^^^^^^^^^^^^^^^^^^^\n  File \"/home/ubuntu/actions-runner/_work/github-runner-webhook-router/github-runner-webhook-router/.tox/integration/lib/python3.12/site-packages/pluggy/_manager.py\", line 120, in _hookexec\n    return self._inner_hookexec(hook_name, methods, kwargs, firstresult)\n           ^^^^^^^^^^^^^^^^^^^^^^^^^^^^^^^^^^^^^^^^^^^^^^^^^^^^^^^^^^^^^\n  File \"/home/ubuntu/actions-runner/_work/github-runner-webhook-router/github-runner-webhook-router/.tox/integration/lib/python3.12/site-packages/pluggy/_callers.py\", line 167, in _multicall\n    raise exception\n  File \"/home/ubuntu/actions-runner/_work/github-runner-webhook-router/github-runner-webhook-router/.tox/integration/lib/python3.12/site-packages/pluggy/_callers.py\", line 139, in _multicall\n    teardown.throw(exception)\n  File \"/home/ubuntu/actions-runner/_work/github-runner-webhook-router/github-runner-webhook-router/.tox/integration/lib/python3.12/site-packages/_pytest/logging.py\", line 843, in pytest_runtest_setup\n    yield\n  File \"/home/ubuntu/actions-runner/_work/github-runner-webhook-router/github-runner-webhook-router/.tox/integration/lib/python3.12/site-packages/pluggy/_callers.py\", line 139, in _multicall\n    teardown.throw(exception)\n  File \"/home/ubuntu/actions-runner/_work/github-runner-webhook-router/github-runner-webhook-router/.tox/integration/lib/python3.12/site-packages/pluggy/_callers.py\", line 53, in run_old_style_hookwrapper\n    return result.get_result()\n           ^^^^^^^^^^^^^^^^^^^\n  File \"/home/ubuntu/actions-runner/_work/github-runner-webhook-router/github-runner-webhook-router/.tox/integration/lib/python3.12/site-packages/pluggy/_result.py\", line 103, in get_result\n    raise exc.with_traceback(tb)\n  File \"/home/ubuntu/actions-runner/_work/github-runner-webhook-router/github-runner-webhook-router/.tox/integration/lib/python3.12/site-packages/pluggy/_callers.py\", line 38, in run_old_style_hookwrapper\n    res = yield\n          ^^^^^\n  File \"/home/ubuntu/actions-runner/_work/github-runner-webhook-router/github-runner-webhook-router/.tox/integration/lib/python3.12/site-packages/pluggy/_callers.py\", line 139, in _multicall\n    teardown.throw(exception)\n  File \"/home/ubuntu/actions-runner/_work/github-runner-webhook-router/github-runner-webhook-router/.tox/integration/lib/python3.12/site-packages/_pytest/capture.py\", line 895, in pytest_runtest_setup\n    return (yield)\n            ^^^^^\n  File \"/home/ubuntu/actions-runner/_work/github-runner-webhook-router/github-runner-webhook-router/.tox/integration/lib/python3.12/site-packages/pluggy/_callers.py\", line 121, in _multicall\n    res = hook_impl.function(*args)\n          ^^^^^^^^^^^^^^^^^^^^^^^^^\n  File \"/home/ubuntu/actions-runner/_work/github-runner-webhook-router/github-runner-webhook-router/.tox/integration/lib/python3.12/site-packages/_pytest/runner.py\", line 165, in pytest_runtest_setup\n    item.session._setupstate.setup(item)\n  File \"/home/ubuntu/actions-runner/_work/github-runner-webhook-router/github-runner-webhook-router/.tox/integration/lib/python3.12/site-packages/_pytest/runner.py\", line 523, in setup\n    col.setup()\n  File \"/home/ubuntu/actions-runner/_work/github-runner-webhook-router/github-runner-webhook-router/.tox/integration/lib/python3.12/site-packages/_pytest/python.py\", line 1723, in setup\n    self._request._fillfixtures()\n  File \"/home/ubuntu/actions-runner/_work/github-runner-webhook-router/github-runner-webhook-router/.tox/integration/lib/python3.12/site-packages/_pytest/fixtures.py\", line 707, in _fillfixtures\n    item.funcargs[argname] = self.getfixturevalue(argname)\n                             ^^^^^^^^^^^^^^^^^^^^^^^^^^^^^\n  File \"/home/ubuntu/actions-runner/_work/github-runner-webhook-router/github-runner-webhook-router/.tox/integration/lib/python3.12/site-packages/_pytest/fixtures.py\", line 539, in getfixturevalue\n    fixturedef = self._get_active_fixturedef(argname)\n                 ^^^^^^^^^^^^^^^^^^^^^^^^^^^^^^^^^^^^\n  File \"/home/ubuntu/actions-runner/_work/github-runner-webhook-router/github-runner-webhook-router/.tox/integration/lib/python3.12/site-packages/_pytest/fixtures.py\", line 627, in _get_active_fixturedef\n    fixturedef.execute(request=subrequest)\n  File \"/home/ubuntu/actions-runner/_work/github-runner-webhook-router/github-runner-webhook-router/.tox/integration/lib/python3.12/site-packages/_pytest/fixtures.py\", line 1110, in execute\n    result: FixtureValue = ihook.pytest_fixture_setup(\n                           ^^^^^^^^^^^^^^^^^^^^^^^^^^^\n  File \"/home/ubuntu/actions-runner/_work/github-runner-webhook-router/github-runner-webhook-router/.tox/integration/lib/python3.12/site-packages/pluggy/_hooks.py\", line 512, in __call__\n    return self._hookexec(self.name, self._hookimpls.copy(), kwargs, firstresult)\n           ^^^^^^^^^^^^^^^^^^^^^^^^^^^^^^^^^^^^^^^^^^^^^^^^^^^^^^^^^^^^^^^^^^^^^^\n  File \"/home/ubuntu/actions-runner/_work/github-runner-webhook-router/github-runner-webhook-router/.tox/integration/lib/python3.12/site-packages/pluggy/_manager.py\", line 120, in _hookexec\n    return self._inner_hookexec(hook_name, methods, kwargs, firstresult)\n           ^^^^^^^^^^^^^^^^^^^^^^^^^^^^^^^^^^^^^^^^^^^^^^^^^^^^^^^^^^^^^\n  File \"/home/ubuntu/actions-runner/_work/github-runner-webhook-router/github-runner-webhook-router/.tox/integration/lib/python3.12/site-packages/pluggy/_callers.py\", line 167, in _multicall\n    raise exception\n  File \"/home/ubuntu/actions-runner/_work/github-runner-webhook-router/github-runner-webhook-router/.tox/integration/lib/python3.12/site-packages/pluggy/_callers.py\", line 139, in _multicall\n    teardown.throw(exception)\n  File \"/home/ubuntu/actions-runner/_work/github-runner-webhook-router/github-runner-webhook-router/.tox/integration/lib/python3.12/site-packages/pluggy/_callers.py\", line 53, in run_old_style_hookwrapper\n    return result.get_result()\n           ^^^^^^^^^^^^^^^^^^^\n  File \"/home/ubuntu/actions-runner/_work/github-runner-webhook-router/github-runner-webhook-router/.tox/integration/lib/python3.12/site-packages/pluggy/_result.py\", line 103, in get_result\n    raise exc.with_traceback(tb)\n  File \"/home/ubuntu/actions-runner/_work/github-runner-webhook-router/github-runner-webhook-router/.tox/integration/lib/python3.12/site-packages/pluggy/_callers.py\", line 38, in run_old_style_hookwrapper\n    res = yield\n          ^^^^^\n  File \"/home/ubuntu/actions-runner/_work/github-runner-webhook-router/github-runner-webhook-router/.tox/integration/lib/python3.12/site-packages/pluggy/_callers.py\", line 139, in _multicall\n    teardown.throw(exception)\n  File \"/home/ubuntu/actions-runner/_work/github-runner-webhook-router/github-runner-webhook-router/.tox/integration/lib/python3.12/site-packages/pluggy/_callers.py\", line 53, in run_old_style_hookwrapper\n    return result.get_result()\n           ^^^^^^^^^^^^^^^^^^^\n  File \"/home/ubuntu/actions-runner/_work/github-runner-webhook-router/github-runner-webhook-router/.tox/integration/lib/python3.12/site-packages/pluggy/_result.py\", line 103, in get_result\n    raise exc.with_traceback(tb)\n  File \"/home/ubuntu/actions-runner/_work/github-runner-webhook-router/github-runner-webhook-router/.tox/integration/lib/python3.12/site-packages/pluggy/_callers.py\", line 38, in run_old_style_hookwrapper\n    res = yield\n          ^^^^^\n  File \"/home/ubuntu/actions-runner/_work/github-runner-webhook-router/github-runner-webhook-router/.tox/integration/lib/python3.12/site-packages/pluggy/_callers.py\", line 139, in _multicall\n    teardown.throw(exception)\n  File \"/home/ubuntu/actions-runner/_work/github-runner-webhook-router/github-runner-webhook-router/.tox/integration/lib/python3.12/site-packages/_pytest/setuponly.py\", line 36, in pytest_fixture_setup\n    return (yield)\n            ^^^^^\n  File \"/home/ubuntu/actions-runner/_work/github-runner-webhook-router/github-runner-webhook-router/.tox/integration/lib/python3.12/site-packages/pluggy/_callers.py\", line 121, in _multicall\n    res = hook_impl.function(*args)\n          ^^^^^^^^^^^^^^^^^^^^^^^^^\n  File \"/home/ubuntu/actions-runner/_work/github-runner-webhook-router/github-runner-webhook-router/.tox/integration/lib/python3.12/site-packages/_pytest/fixtures.py\", line 1202, in pytest_fixture_setup\n    result = call_fixture_func(fixturefunc, request, kwargs)\n             ^^^^^^^^^^^^^^^^^^^^^^^^^^^^^^^^^^^^^^^^^^^^^^^\n  File \"/home/ubuntu/actions-runner/_work/github-runner-webhook-router/github-runner-webhook-router/.tox/integration/lib/python3.12/site-packages/_pytest/fixtures.py\", line 915, in call_fixture_func\n    fixture_result = fixturefunc(**kwargs)\n                     ^^^^^^^^^^^^^^^^^^^^^\n  File \"/home/ubuntu/actions-runner/_work/github-runner-webhook-router/github-runner-webhook-router/tests/integration/test_webhook_redelivery.py\", line 41, in repo_fixture\n    repo = github.get_repo(test_repo)\n           ^^^^^^^^^^^^^^^^^^^^^^^^^^\n  File \"/home/ubuntu/actions-runner/_work/github-runner-webhook-router/github-runner-webhook-router/.tox/integration/lib/python3.12/site-packages/github/MainClass.py\", line 479, in get_repo\n    headers, data = self.__requester.requestJsonAndCheck(\"GET\", url)\n                    ^^^^^^^^^^^^^^^^^^^^^^^^^^^^^^^^^^^^^^^^^^^^^^^^\n  File \"/home/ubuntu/actions-runner/_work/github-runner-webhook-router/github-runner-webhook-router/.tox/integration/lib/python3.12/site-packages/github/Requester.py\", line 623, in requestJsonAndCheck\n    return self.__check(\n           ^^^^^^^^^^^^^\n  File \"/home/ubuntu/actions-runner/_work/github-runner-webhook-router/github-runner-webhook-router/.tox/integration/lib/python3.12/site-packages/github/Requester.py\", line 853, in __check\n    raise self.createException(status, responseHeaders, data)\ngithub.GithubException.BadCredentialsException: 401 {\"message\": \"Bad credentials\", \"documentation_url\": \"https://docs.github.com/rest\", \"status\": \"401\"}","steps":[],"attachments":[{"uid":"512598da1e8b9900","name":"log","source":"512598da1e8b9900.txt","type":"text/plain","size":1210}],"parameters":[],"shouldDisplayMessage":true,"stepsCount":0,"attachmentsCount":1,"hasContent":true,"attachmentStep":false},"afterStages":[{"name":"abort_on_fail::0","time":{"start":1763085281105,"stop":1763085281105,"duration":0},"status":"passed","steps":[],"attachments":[],"parameters":[],"shouldDisplayMessage":false,"stepsCount":0,"attachmentsCount":0,"hasContent":false,"attachmentStep":false},{"name":"ops_test::finalizer","time":{"start":1763085287327,"stop":1763085287693,"duration":366},"status":"passed","steps":[],"attachments":[],"parameters":[],"shouldDisplayMessage":false,"stepsCount":0,"attachmentsCount":0,"hasContent":false,"attachmentStep":false},{"name":"event_loop::2","time":{"start":1763085287693,"stop":1763085287693,"duration":0},"status":"passed","steps":[],"attachments":[],"parameters":[],"shouldDisplayMessage":false,"stepsCount":0,"attachmentsCount":0,"hasContent":false,"attachmentStep":false},{"name":"event_loop::_close_event_loop","time":{"start":1763085287693,"stop":1763085287693,"duration":0},"status":"passed","steps":[],"attachments":[],"parameters":[],"shouldDisplayMessage":false,"stepsCount":0,"attachmentsCount":0,"hasContent":false,"attachmentStep":false},{"name":"event_loop::_provide_clean_event_loop","time":{"start":1763085287693,"stop":1763085287694,"duration":1},"status":"passed","steps":[],"attachments":[],"parameters":[],"shouldDisplayMessage":false,"stepsCount":0,"attachmentsCount":0,"hasContent":false,"attachmentStep":false}],"labels":[{"name":"tag","value":"asyncio"},{"name":"parentSuite","value":"tests.integration"},{"name":"suite","value":"test_webhook_redelivery"},{"name":"host","value":"github-runner"},{"name":"thread","value":"26890-MainThread"},{"name":"framework","value":"pytest"},{"name":"language","value":"cpython3"},{"name":"package","value":"tests.integration.test_webhook_redelivery"},{"name":"resultFormat","value":"allure2"}],"parameters":[{"name":"github_auth","value":"True"}],"links":[],"hidden":false,"retry":false,"extra":{"severity":"normal","retries":[{"uid":"52dbe4f826c74e05","status":"unknown","time":{}}],"categories":[{"name":"Test defects","matchedStatuses":[]}],"history":{"statistic":{"failed":0,"broken":1,"skipped":0,"passed":1,"unknown":0,"total":2},"items":[{"uid":"b723f018d384a1bb","reportUrl":"../278//#testresult/b723f018d384a1bb","status":"passed","time":{"start":1761650103962,"stop":1761650112791,"duration":8829}}]},"tags":["asyncio"]},"source":"c22dd8dddd81b929.json","parameterValues":["True"]}