[32mINFO    [0m pytest_operator.plugin:plugin.py:951 Model status:

Model    Controller                Cloud/Region        Version  SLA          Timestamp
testing  github-pr-26057-microk8s  microk8s/localhost  3.6.12   unsupported  15:18:46Z

App                           Version  Status   Scale  Charm                         Channel  Rev  Address        Exposed  Message
github-runner-webhook-router           blocked      1  github-runner-webhook-router             0  10.152.183.47  no       missing integrations: mongodb

Unit                             Workload  Agent  Address     Ports  Message
github-runner-webhook-router/0*  blocked   idle   10.1.53.12         missing integrations: mongodb

[32mINFO    [0m pytest_operator.plugin:plugin.py:957 Juju error logs:

unit-github-runner-webhook-router-0: 15:17:51 ERROR juju.worker.proxyupdater error writing apt proxy config file: open /etc/apt/apt.conf.d/95-juju-proxy-settings: permission denied
unit-github-runner-webhook-router-0: 15:18:40 ERROR unit.github-runner-webhook-router/0.juju-log Invalid action parameters passed, Could not access/find secret a62944f2b2dd033d7bdf24906ce97189
Traceback (most recent call last):
  File "/var/lib/juju/agents/unit-github-runner-webhook-router-0/charm/venv/ops/model.py", line 3570, in _wrap_hookcmd
    yield
  File "/var/lib/juju/agents/unit-github-runner-webhook-router-0/charm/venv/ops/model.py", line 3921, in secret_get
    return hookcmds.secret_get(
  File "/var/lib/juju/agents/unit-github-runner-webhook-router-0/charm/venv/ops/hookcmds/_secret.py", line 153, in secret_get
    stdout = run('secret-get', '--format=json', *args)
  File "/var/lib/juju/agents/unit-github-runner-webhook-router-0/charm/venv/ops/hookcmds/_utils.py", line 53, in run
    raise Error(returncode=e.returncode, cmd=e.cmd, stdout=e.stdout, stderr=e.stderr) from None
ops.hookcmds._utils.Error: command ('secret-get', '--format=json', 'secret://76a45399-09d6-401c-8894-962a19b718e2/a62944f2b2dd033d7bdf24906ce97189') exited with status 2

The above exception was the direct cause of the following exception:

Traceback (most recent call last):
  File "/var/lib/juju/agents/unit-github-runner-webhook-router-0/charm/./src/charm.py", line 159, in _get_secret_value
    secret = self.model.get_secret(id=secret_id)
  File "/var/lib/juju/agents/unit-github-runner-webhook-router-0/charm/venv/ops/model.py", line 309, in get_secret
    content = self._backend.secret_get(id=id, label=label)
  File "/var/lib/juju/agents/unit-github-runner-webhook-router-0/charm/venv/ops/model.py", line 3920, in secret_get
    with self._wrap_hookcmd('secret-get', id=id, label=label, refresh=refresh, peek=peek):
  File "/usr/lib/python3.10/contextlib.py", line 153, in __exit__
    self.gen.throw(typ, value, traceback)
  File "/var/lib/juju/agents/unit-github-runner-webhook-router-0/charm/venv/ops/model.py", line 3580, in _wrap_hookcmd
    raise ModelError(e.stderr) from e
ops.model.ModelError: ERROR secret URI "secret://76a45399-09d6-401c-8894-962a19b718e2/a62944f2b2dd033d7bdf24906ce97189" not valid


The above exception was the direct cause of the following exception:

Traceback (most recent call last):
  File "/var/lib/juju/agents/unit-github-runner-webhook-router-0/charm/./src/charm.py", line 77, in _on_redeliver_failed_webhooks_action
    auth_env = self._get_github_auth_env(event)
  File "/var/lib/juju/agents/unit-github-runner-webhook-router-0/charm/./src/charm.py", line 129, in _get_github_auth_env
    self._get_secret_value(github_app_private_key_secret_id, "private-key")
  File "/var/lib/juju/agents/unit-github-runner-webhook-router-0/charm/./src/charm.py", line 161, in _get_secret_value
    raise _ActionParamsInvalidError(f"Could not access/find secret {secret_id}") from exc
_ActionParamsInvalidError: Could not access/find secret a62944f2b2dd033d7bdf24906ce97189
unit-github-runner-webhook-router-0: 15:18:41 ERROR unit.github-runner-webhook-router/0.juju-log Invalid action parameters passed, Could not access/find secret 377d7f740f0f6077e7b472095698ff87
Traceback (most recent call last):
  File "/var/lib/juju/agents/unit-github-runner-webhook-router-0/charm/venv/ops/model.py", line 3570, in _wrap_hookcmd
    yield
  File "/var/lib/juju/agents/unit-github-runner-webhook-router-0/charm/venv/ops/model.py", line 3921, in secret_get
    return hookcmds.secret_get(
  File "/var/lib/juju/agents/unit-github-runner-webhook-router-0/charm/venv/ops/hookcmds/_secret.py", line 153, in secret_get
    stdout = run('secret-get', '--format=json', *args)
  File "/var/lib/juju/agents/unit-github-runner-webhook-router-0/charm/venv/ops/hookcmds/_utils.py", line 53, in run
    raise Error(returncode=e.returncode, cmd=e.cmd, stdout=e.stdout, stderr=e.stderr) from None
ops.hookcmds._utils.Error: command ('secret-get', '--format=json', 'secret://76a45399-09d6-401c-8894-962a19b718e2/377d7f740f0f6077e7b472095698ff87') exited with status 2

The above exception was the direct cause of the following exception:

Traceback (most recent call last):
  File "/var/lib/juju/agents/unit-github-runner-webhook-router-0/charm/./src/charm.py", line 159, in _get_secret_value
    secret = self.model.get_secret(id=secret_id)
  File "/var/lib/juju/agents/unit-github-runner-webhook-router-0/charm/venv/ops/model.py", line 309, in get_secret
    content = self._backend.secret_get(id=id, label=label)
  File "/var/lib/juju/agents/unit-github-runner-webhook-router-0/charm/venv/ops/model.py", line 3920, in secret_get
    with self._wrap_hookcmd('secret-get', id=id, label=label, refresh=refresh, peek=peek):
  File "/usr/lib/python3.10/contextlib.py", line 153, in __exit__
    self.gen.throw(typ, value, traceback)
  File "/var/lib/juju/agents/unit-github-runner-webhook-router-0/charm/venv/ops/model.py", line 3580, in _wrap_hookcmd
    raise ModelError(e.stderr) from e
ops.model.ModelError: ERROR secret URI "secret://76a45399-09d6-401c-8894-962a19b718e2/377d7f740f0f6077e7b472095698ff87" not valid


The above exception was the direct cause of the following exception:

Traceback (most recent call last):
  File "/var/lib/juju/agents/unit-github-runner-webhook-router-0/charm/./src/charm.py", line 77, in _on_redeliver_failed_webhooks_action
    auth_env = self._get_github_auth_env(event)
  File "/var/lib/juju/agents/unit-github-runner-webhook-router-0/charm/./src/charm.py", line 124, in _get_github_auth_env
    self._get_secret_value(github_token_secret_id, "token")
  File "/var/lib/juju/agents/unit-github-runner-webhook-router-0/charm/./src/charm.py", line 161, in _get_secret_value
    raise _ActionParamsInvalidError(f"Could not access/find secret {secret_id}") from exc
_ActionParamsInvalidError: Could not access/find secret 377d7f740f0f6077e7b472095698ff87
unit-github-runner-webhook-router-0: 15:18:42 ERROR unit.github-runner-webhook-router/0.juju-log Invalid action parameters passed, Secret d53bsknmp25c7bjm68m0 does not contain a field called 'private-key'.
Traceback (most recent call last):
  File "/var/lib/juju/agents/unit-github-runner-webhook-router-0/charm/./src/charm.py", line 164, in _get_secret_value
    return secret_data[key]
KeyError: 'private-key'

The above exception was the direct cause of the following exception:

Traceback (most recent call last):
  File "/var/lib/juju/agents/unit-github-runner-webhook-router-0/charm/./src/charm.py", line 77, in _on_redeliver_failed_webhooks_action
    auth_env = self._get_github_auth_env(event)
  File "/var/lib/juju/agents/unit-github-runner-webhook-router-0/charm/./src/charm.py", line 129, in _get_github_auth_env
    self._get_secret_value(github_app_private_key_secret_id, "private-key")
  File "/var/lib/juju/agents/unit-github-runner-webhook-router-0/charm/./src/charm.py", line 166, in _get_secret_value
    raise _ActionParamsInvalidError(
_ActionParamsInvalidError: Secret d53bsknmp25c7bjm68m0 does not contain a field called 'private-key'.
unit-github-runner-webhook-router-0: 15:18:43 ERROR unit.github-runner-webhook-router/0.juju-log Invalid action parameters passed, Secret d53bskvmp25c7bjm68mg does not contain a field called 'token'.
Traceback (most recent call last):
  File "/var/lib/juju/agents/unit-github-runner-webhook-router-0/charm/./src/charm.py", line 164, in _get_secret_value
    return secret_data[key]
KeyError: 'token'

The above exception was the direct cause of the following exception:

Traceback (most recent call last):
  File "/var/lib/juju/agents/unit-github-runner-webhook-router-0/charm/./src/charm.py", line 77, in _on_redeliver_failed_webhooks_action
    auth_env = self._get_github_auth_env(event)
  File "/var/lib/juju/agents/unit-github-runner-webhook-router-0/charm/./src/charm.py", line 124, in _get_github_auth_env
    self._get_secret_value(github_token_secret_id, "token")
  File "/var/lib/juju/agents/unit-github-runner-webhook-router-0/charm/./src/charm.py", line 166, in _get_secret_value
    raise _ActionParamsInvalidError(
_ActionParamsInvalidError: Secret d53bskvmp25c7bjm68mg does not contain a field called 'token'.

[32mINFO    [0m pytest_operator.plugin:plugin.py:1039 Forgetting model main...